This is pdfTeX, Version 3.141592653-2.6-1.40.22 (TeX Live 2022/dev/Debian) (preloaded format=pdflatex 2023.1.14)  16 JAN 2023 23:49
entering extended mode
 restricted \write18 enabled.
 %&-line parsing enabled.
**cp2223t.tex
(./cp2223t.tex
LaTeX2e <2021-11-15> patch level 1
L3 programming layer <2022-01-21>
(/usr/share/texlive/texmf-dist/tex/latex/base/article.cls
Document Class: article 2021/10/04 v1.4n Standard LaTeX document class
(/usr/share/texlive/texmf-dist/tex/latex/base/size10.clo
File: size10.clo 2021/10/04 v1.4n Standard LaTeX file (size option)
)
\c@part=\count185
\c@section=\count186
\c@subsection=\count187
\c@subsubsection=\count188
\c@paragraph=\count189
\c@subparagraph=\count190
\c@figure=\count191
\c@table=\count192
\abovecaptionskip=\skip47
\belowcaptionskip=\skip48
\bibindent=\dimen138
)
(/usr/share/texlive/texmf-dist/tex/latex/geometry/geometry.sty
Package: geometry 2020/01/02 v5.9 Page Geometry

(/usr/share/texlive/texmf-dist/tex/latex/graphics/keyval.sty
Package: keyval 2014/10/28 v1.15 key=value parser (DPC)
\KV@toks@=\toks16
)
(/usr/share/texlive/texmf-dist/tex/generic/iftex/ifvtex.sty
Package: ifvtex 2019/10/25 v1.7 ifvtex legacy package. Use iftex instead.

(/usr/share/texlive/texmf-dist/tex/generic/iftex/iftex.sty
Package: iftex 2020/03/06 v1.0d TeX engine tests
))
\Gm@cnth=\count193
\Gm@cntv=\count194
\c@Gm@tempcnt=\count195
\Gm@bindingoffset=\dimen139
\Gm@wd@mp=\dimen140
\Gm@odd@mp=\dimen141
\Gm@even@mp=\dimen142
\Gm@layoutwidth=\dimen143
\Gm@layoutheight=\dimen144
\Gm@layouthoffset=\dimen145
\Gm@layoutvoffset=\dimen146
\Gm@dimlist=\toks17
)

! LaTeX Error: File `FiraSans.sty' not found.

Type X to quit or <RETURN> to proceed,
or enter new name. (Default extension: sty)

Enter file name: 
(/usr/share/texlive/texmf-dist/tex/latex/hyperref/hyperref.sty
Package: hyperref 2021-06-07 v7.00m Hypertext links for LaTeX

(/usr/share/texlive/texmf-dist/tex/generic/ltxcmds/ltxcmds.sty
Package: ltxcmds 2020-05-10 v1.25 LaTeX kernel commands for general use (HO)
)
(/usr/share/texlive/texmf-dist/tex/generic/pdftexcmds/pdftexcmds.sty
Package: pdftexcmds 2020-06-27 v0.33 Utility functions of pdfTeX for LuaTeX (HO
)

(/usr/share/texlive/texmf-dist/tex/generic/infwarerr/infwarerr.sty
Package: infwarerr 2019/12/03 v1.5 Providing info/warning/error messages (HO)
)
Package pdftexcmds Info: \pdf@primitive is available.
Package pdftexcmds Info: \pdf@ifprimitive is available.
Package pdftexcmds Info: \pdfdraftmode found.
)
(/usr/share/texlive/texmf-dist/tex/generic/kvsetkeys/kvsetkeys.sty
Package: kvsetkeys 2019/12/15 v1.18 Key value parser (HO)
)
(/usr/share/texlive/texmf-dist/tex/generic/kvdefinekeys/kvdefinekeys.sty
Package: kvdefinekeys 2019-12-19 v1.6 Define keys (HO)
)
(/usr/share/texlive/texmf-dist/tex/generic/pdfescape/pdfescape.sty
Package: pdfescape 2019/12/09 v1.15 Implements pdfTeX's escape features (HO)
)
(/usr/share/texlive/texmf-dist/tex/latex/hycolor/hycolor.sty
Package: hycolor 2020-01-27 v1.10 Color options for hyperref/bookmark (HO)
)
(/usr/share/texlive/texmf-dist/tex/latex/letltxmacro/letltxmacro.sty
Package: letltxmacro 2019/12/03 v1.6 Let assignment for LaTeX macros (HO)
)
(/usr/share/texlive/texmf-dist/tex/latex/auxhook/auxhook.sty
Package: auxhook 2019-12-17 v1.6 Hooks for auxiliary files (HO)
)
(/usr/share/texlive/texmf-dist/tex/latex/kvoptions/kvoptions.sty
Package: kvoptions 2020-10-07 v3.14 Key value format for package options (HO)
)
\@linkdim=\dimen147
\Hy@linkcounter=\count196
\Hy@pagecounter=\count197

(/usr/share/texlive/texmf-dist/tex/latex/hyperref/pd1enc.def
File: pd1enc.def 2021-06-07 v7.00m Hyperref: PDFDocEncoding definition (HO)
Now handling font encoding PD1 ...
... no UTF-8 mapping file for font encoding PD1
)
(/usr/share/texlive/texmf-dist/tex/latex/hyperref/hyperref-langpatches.def
File: hyperref-langpatches.def 2021-06-07 v7.00m Hyperref: patches for babel la
nguages
)
(/usr/share/texlive/texmf-dist/tex/generic/intcalc/intcalc.sty
Package: intcalc 2019/12/15 v1.3 Expandable calculations with integers (HO)
)
(/usr/share/texlive/texmf-dist/tex/generic/etexcmds/etexcmds.sty
Package: etexcmds 2019/12/15 v1.7 Avoid name clashes with e-TeX commands (HO)
)
\Hy@SavedSpaceFactor=\count198

(/usr/share/texlive/texmf-dist/tex/latex/hyperref/puenc.def
File: puenc.def 2021-06-07 v7.00m Hyperref: PDF Unicode definition (HO)
Now handling font encoding PU ...
... no UTF-8 mapping file for font encoding PU
)
Package hyperref Info: Option `colorlinks' set `true' on input line 4073.
Package hyperref Info: Hyper figures OFF on input line 4192.
Package hyperref Info: Link nesting OFF on input line 4197.
Package hyperref Info: Hyper index ON on input line 4200.
Package hyperref Info: Plain pages OFF on input line 4207.
Package hyperref Info: Backreferencing OFF on input line 4212.
Package hyperref Info: Implicit mode ON; LaTeX internals redefined.
Package hyperref Info: Bookmarks ON on input line 4445.
\c@Hy@tempcnt=\count199

(/usr/share/texlive/texmf-dist/tex/latex/url/url.sty
\Urlmuskip=\muskip16
Package: url 2013/09/16  ver 3.4  Verb mode for urls, etc.
)
LaTeX Info: Redefining \url on input line 4804.
\XeTeXLinkMargin=\dimen148

(/usr/share/texlive/texmf-dist/tex/generic/bitset/bitset.sty
Package: bitset 2019/12/09 v1.3 Handle bit-vector datatype (HO)

(/usr/share/texlive/texmf-dist/tex/generic/bigintcalc/bigintcalc.sty
Package: bigintcalc 2019/12/15 v1.5 Expandable calculations on big integers (HO
)
))
\Fld@menulength=\count266
\Field@Width=\dimen149
\Fld@charsize=\dimen150
Package hyperref Info: Hyper figures OFF on input line 6076.
Package hyperref Info: Link nesting OFF on input line 6081.
Package hyperref Info: Hyper index ON on input line 6084.
Package hyperref Info: backreferencing OFF on input line 6091.
Package hyperref Info: Link coloring ON on input line 6094.
Package hyperref Info: Link coloring with OCG OFF on input line 6101.
Package hyperref Info: PDF/A mode OFF on input line 6106.
LaTeX Info: Redefining \ref on input line 6146.
LaTeX Info: Redefining \pageref on input line 6150.

(/usr/share/texlive/texmf-dist/tex/latex/base/atbegshi-ltx.sty
Package: atbegshi-ltx 2021/01/10 v1.0c Emulation of the original atbegshi
package with kernel methods
)
\Hy@abspage=\count267
\c@Item=\count268
\c@Hfootnote=\count269
)
Package hyperref Info: Driver (autodetected): hpdftex.

(/usr/share/texlive/texmf-dist/tex/latex/hyperref/hpdftex.def
File: hpdftex.def 2021-06-07 v7.00m Hyperref driver for pdfTeX

(/usr/share/texlive/texmf-dist/tex/latex/base/atveryend-ltx.sty
Package: atveryend-ltx 2020/08/19 v1.0a Emulation of the original atveryend pac
kage
with kernel methods
)
\Fld@listcount=\count270
\c@bookmark@seq@number=\count271

(/usr/share/texlive/texmf-dist/tex/latex/rerunfilecheck/rerunfilecheck.sty
Package: rerunfilecheck 2019/12/05 v1.9 Rerun checks for auxiliary files (HO)

(/usr/share/texlive/texmf-dist/tex/generic/uniquecounter/uniquecounter.sty
Package: uniquecounter 2019/12/15 v1.4 Provide unlimited unique counter (HO)
)
Package uniquecounter Info: New unique counter `rerunfilecheck' on input line 2
86.
)
\Hy@SectionHShift=\skip49
)
(/usr/share/texlive/texmf-dist/tex/latex/graphics/graphicx.sty
Package: graphicx 2021/09/16 v1.2d Enhanced LaTeX Graphics (DPC,SPQR)

(/usr/share/texlive/texmf-dist/tex/latex/graphics/graphics.sty
Package: graphics 2021/03/04 v1.4d Standard LaTeX Graphics (DPC,SPQR)

(/usr/share/texlive/texmf-dist/tex/latex/graphics/trig.sty
Package: trig 2021/08/11 v1.11 sin cos tan (DPC)
)
(/usr/share/texlive/texmf-dist/tex/latex/graphics-cfg/graphics.cfg
File: graphics.cfg 2016/06/04 v1.11 sample graphics configuration
)
Package graphics Info: Driver file: pdftex.def on input line 107.

(/usr/share/texlive/texmf-dist/tex/latex/graphics-def/pdftex.def
File: pdftex.def 2020/10/05 v1.2a Graphics/color driver for pdftex
))
\Gin@req@height=\dimen151
\Gin@req@width=\dimen152
)
(./cp2223t.sty (/usr/share/texlive/texmf-dist/tex/latex/base/fleqn.sty

LaTeX Warning: inputting `fleqn.clo' instead of obsolete `fleqn.sty'.

(/usr/share/texlive/texmf-dist/tex/latex/base/fleqn.clo
File: fleqn.clo 2016/12/29 v1.2b Standard LaTeX option (flush left equations)
\mathindent=\skip50
Applying: [2015/01/01] Make \[ robust on input line 50.
LaTeX Info: Redefining \[ on input line 51.
Already applied: [0000/00/00] Make \[ robust on input line 62.
Applying: [2015/01/01] Make \] robust on input line 74.
LaTeX Info: Redefining \] on input line 75.
Already applied: [0000/00/00] Make \] robust on input line 83.
))
(/usr/share/texlive/texmf-dist/tex/generic/babel/babel.sty
Package: babel 2022/01/26 3.70 The Babel package
\babel@savecnt=\count272
\U@D=\dimen153
\l@unhyphenated=\language7

(/usr/share/texlive/texmf-dist/tex/generic/babel/txtbabel.def)
\bbl@readstream=\read2
\bbl@dirlevel=\count273


! Package babel Error: Unknown option 'portuguese'. Either you misspelled it
(babel)                or the language definition file portuguese.ldf was not f
ound.

See the babel package documentation for explanation.
Type  H <return>  for immediate help.
 ...                                              
                                                  
l.4254 \ProcessOptions*
                       
? 
Package babel Info: You haven't specified a language. I'll use 'nil'
(babel)             as the main language. Reported on input line 4299.
(/usr/share/texlive/texmf-dist/tex/generic/babel/nil.ldf
Language: nil 2022/01/26 3.70 Nil language
\l@nil=\language8
))
(/usr/share/texlive/texmf-dist/tex/latex/base/inputenc.sty
Package: inputenc 2021/02/14 v1.3d Input encoding file
\inpenc@prehook=\toks18
\inpenc@posthook=\toks19
)
(/usr/share/texlive/texmf-dist/tex/latex/psnfss/mathptmx.sty
Package: mathptmx 2020/03/25 PSNFSS-v9.3 Times w/ Math, improved (SPQR, WaS) 
LaTeX Font Info:    Redeclaring symbol font `operators' on input line 28.
LaTeX Font Info:    Overwriting symbol font `operators' in version `normal'
(Font)                  OT1/cmr/m/n --> OT1/ztmcm/m/n on input line 28.
LaTeX Font Info:    Overwriting symbol font `operators' in version `bold'
(Font)                  OT1/cmr/bx/n --> OT1/ztmcm/m/n on input line 28.
LaTeX Font Info:    Redeclaring symbol font `letters' on input line 29.
LaTeX Font Info:    Overwriting symbol font `letters' in version `normal'
(Font)                  OML/cmm/m/it --> OML/ztmcm/m/it on input line 29.
LaTeX Font Info:    Overwriting symbol font `letters' in version `bold'
(Font)                  OML/cmm/b/it --> OML/ztmcm/m/it on input line 29.
LaTeX Font Info:    Redeclaring symbol font `symbols' on input line 30.
LaTeX Font Info:    Overwriting symbol font `symbols' in version `normal'
(Font)                  OMS/cmsy/m/n --> OMS/ztmcm/m/n on input line 30.
LaTeX Font Info:    Overwriting symbol font `symbols' in version `bold'
(Font)                  OMS/cmsy/b/n --> OMS/ztmcm/m/n on input line 30.
LaTeX Font Info:    Redeclaring symbol font `largesymbols' on input line 31.
LaTeX Font Info:    Overwriting symbol font `largesymbols' in version `normal'
(Font)                  OMX/cmex/m/n --> OMX/ztmcm/m/n on input line 31.
LaTeX Font Info:    Overwriting symbol font `largesymbols' in version `bold'
(Font)                  OMX/cmex/m/n --> OMX/ztmcm/m/n on input line 31.
\symbold=\mathgroup4
\symitalic=\mathgroup5
LaTeX Font Info:    Redeclaring math alphabet \mathbf on input line 34.
LaTeX Font Info:    Overwriting math alphabet `\mathbf' in version `normal'
(Font)                  OT1/cmr/bx/n --> OT1/ptm/bx/n on input line 34.
LaTeX Font Info:    Overwriting math alphabet `\mathbf' in version `bold'
(Font)                  OT1/cmr/bx/n --> OT1/ptm/bx/n on input line 34.
LaTeX Font Info:    Redeclaring math alphabet \mathit on input line 35.
LaTeX Font Info:    Overwriting math alphabet `\mathit' in version `normal'
(Font)                  OT1/cmr/m/it --> OT1/ptm/m/it on input line 35.
LaTeX Font Info:    Overwriting math alphabet `\mathit' in version `bold'
(Font)                  OT1/cmr/bx/it --> OT1/ptm/m/it on input line 35.
LaTeX Info: Redefining \hbar on input line 50.
)
(/usr/share/texlive/texmf-dist/tex/latex/tools/tabularx.sty
Package: tabularx 2020/01/15 v2.11c `tabularx' package (DPC)

(/usr/share/texlive/texmf-dist/tex/latex/tools/array.sty
Package: array 2021/10/04 v2.5f Tabular extension package (FMi)
\col@sep=\dimen154
\ar@mcellbox=\box50
\extrarowheight=\dimen155
\NC@list=\toks20
\extratabsurround=\skip51
\backup@length=\skip52
\ar@cellbox=\box51
)
\TX@col@width=\dimen156
\TX@old@table=\dimen157
\TX@old@col=\dimen158
\TX@target=\dimen159
\TX@delta=\dimen160
\TX@cols=\count274
\TX@ftn=\toks21
)
\c@teste=\count275
\c@propriedade=\count276

(/usr/share/texlive/texmf-dist/tex/latex/fancyvrb/fancyvrb.sty
Package: fancyvrb 2021/12/21 4.1b verbatim text (tvz,hv)
\FV@CodeLineNo=\count277
\FV@InFile=\read3
\FV@TabBox=\box52
\c@FancyVerbLine=\count278
\FV@StepNumber=\count279
\FV@OutFile=\write3
)

! LaTeX Error: File `xy.sty' not found.

Type X to quit or <RETURN> to proceed,
or enter new name. (Default extension: sty)

Enter file name: 
(/usr/share/texlive/texmf-dist/tex/latex/graphics/color.sty
Package: color 2021/12/07 v1.3c Standard LaTeX Color (DPC)

(/usr/share/texlive/texmf-dist/tex/latex/graphics-cfg/color.cfg
File: color.cfg 2016/01/02 v1.6 sample color configuration
)
Package color Info: Driver file: pdftex.def on input line 149.
)
(/usr/share/texlive/texmf-dist/tex/latex/xcolor/xcolor.sty
Package: xcolor 2021/10/31 v2.13 LaTeX color extensions (UK)

(/usr/share/texlive/texmf-dist/tex/latex/graphics-cfg/color.cfg
File: color.cfg 2016/01/02 v1.6 sample color configuration
)
Package xcolor Info: Driver file: pdftex.def on input line 227.
LaTeX Info: Redefining \color on input line 711.
Package xcolor Info: Model `cmy' substituted by `cmy0' on input line 1352.
Package xcolor Info: Model `hsb' substituted by `rgb' on input line 1356.
Package xcolor Info: Model `RGB' extended on input line 1368.
Package xcolor Info: Model `HTML' substituted by `rgb' on input line 1370.
Package xcolor Info: Model `Hsb' substituted by `hsb' on input line 1371.
Package xcolor Info: Model `tHsb' substituted by `hsb' on input line 1372.
Package xcolor Info: Model `HSB' substituted by `hsb' on input line 1373.
Package xcolor Info: Model `Gray' substituted by `gray' on input line 1374.
Package xcolor Info: Model `wave' substituted by `hsb' on input line 1375.

(/usr/share/texlive/texmf-dist/tex/latex/graphics/dvipsnam.def
File: dvipsnam.def 2016/06/17 v3.0m Driver-dependent file (DPC,SPQR)
))
(/usr/share/texlive/texmf-dist/tex/latex/listings/listings.sty
\lst@mode=\count280
\lst@gtempboxa=\box53
\lst@token=\toks22
\lst@length=\count281
\lst@currlwidth=\dimen161
\lst@column=\count282
\lst@pos=\count283
\lst@lostspace=\dimen162
\lst@width=\dimen163
\lst@newlines=\count284
\lst@lineno=\count285
\lst@maxwidth=\dimen164

(/usr/share/texlive/texmf-dist/tex/latex/listings/lstmisc.sty
File: lstmisc.sty 2020/03/24 1.8d (Carsten Heinz)
\c@lstnumber=\count286
\lst@skipnumbers=\count287
\lst@framebox=\box54
)
(/usr/share/texlive/texmf-dist/tex/latex/listings/listings.cfg
File: listings.cfg 2020/03/24 1.8d listings configuration
))
Package: listings 2020/03/24 1.8d (Carsten Heinz)


! LaTeX Error: File `tikz.sty' not found.

Type X to quit or <RETURN> to proceed,
or enter new name. (Default extension: sty)

Enter file name: 

! LaTeX Error: File `tikz-qtree.sty' not found.

Type X to quit or <RETURN> to proceed,
or enter new name. (Default extension: sty)

Enter file name: 
! Undefined control sequence.
<recently read> \usetikzlibrary 
                                
l.56 \usetikzlibrary
                    {trees}
? 

! LaTeX Error: Missing \begin{document}.

See the LaTeX manual or LaTeX Companion for explanation.
Type  H <return>  for immediate help.
 ...                                              
                                                  
l.56 \usetikzlibrary{t
                      rees}
? 

! LaTeX Error: File `tcolorbox.sty' not found.

Type X to quit or <RETURN> to proceed,
or enter new name. (Default extension: sty)

Enter file name: 
! Undefined control sequence.
<recently read> \tcbset 
                        
l.63 \tcbset
            {
? 

! LaTeX Error: Missing \begin{document}.

See the LaTeX manual or LaTeX Companion for explanation.
Type  H <return>  for immediate help.
 ...                                              
                                                  
l.64     s
          harp corners,
? 
! Undefined control sequence.
l.70 \newtcolorbox
                  {alert}{
? 
! Undefined control sequence.
l.77 \newtcolorbox
                  {bquote}{
? 
! Undefined control sequence.
l.84 \tcbset
            {
? 
! Undefined control sequence.
l.92 \newtcolorbox
                  {normalbox}{
? 

Overfull \hbox (15.19516pt too wide) in paragraph at lines 64--99
\OT1/cmr/m/n/10 borderline west = 4pt0ptDandelion!50, breakable  bquote colback
 = url!5, enhanced,
 []

(/usr/share/texlive/texmf-dist/tex/latex/base/makeidx.sty
Package: makeidx 2021/10/04 v1.0m Standard LaTeX package
)
\pn=\count288
)
(/usr/share/texlive/texmf-dist/tex/latex/caption/subcaption.sty
Package: subcaption 2020/10/07 v1.3j Sub-captions (AR)

(/usr/share/texlive/texmf-dist/tex/latex/caption/caption.sty
Package: caption 2020/10/26 v3.5g Customizing captions (AR)

(/usr/share/texlive/texmf-dist/tex/latex/caption/caption3.sty
Package: caption3 2020/10/21 v2.2e caption3 kernel (AR)
\captionmargin=\dimen165
\captionmargin@=\dimen166
\captionwidth=\dimen167
\caption@tempdima=\dimen168
\caption@indent=\dimen169
\caption@parindent=\dimen170
\caption@hangindent=\dimen171
Package caption Info: Standard document class detected.
)
\c@caption@flags=\count289
\c@continuedfloat=\count290
Package caption Info: hyperref package is loaded.
Package caption Info: listings package is loaded.
)
\c@subfigure=\count291
\c@subtable=\count292
)

! LaTeX Error: File `adjustbox.sty' not found.

Type X to quit or <RETURN> to proceed,
or enter new name. (Default extension: sty)

Enter file name: 
(/usr/share/texlive/texmf-dist/tex/latex/parskip/parskip.sty
Package: parskip 2021-03-14 v2.0h non-zero parskip adjustments

(/usr/share/texlive/texmf-dist/tex/latex/etoolbox/etoolbox.sty
Package: etoolbox 2020/10/05 v2.5k e-TeX tools for LaTeX (JAW)
\etb@tempcnta=\count293
))
(/usr/share/texlive/texmf-dist/tex/latex/amsmath/amstext.sty
Package: amstext 2021/08/26 v2.01 AMS text

(/usr/share/texlive/texmf-dist/tex/latex/amsmath/amsgen.sty
File: amsgen.sty 1999/11/30 v2.0 generic functions
\@emptytoks=\toks23
\ex@=\dimen172
))
(/usr/share/texlive/texmf-dist/tex/latex/amsfonts/amssymb.sty
Package: amssymb 2013/01/14 v3.01 AMS font symbols

(/usr/share/texlive/texmf-dist/tex/latex/amsfonts/amsfonts.sty
Package: amsfonts 2013/01/14 v3.01 Basic AMSFonts support
\symAMSa=\mathgroup6
\symAMSb=\mathgroup7
LaTeX Font Info:    Overwriting math alphabet `\mathfrak' in version `bold'
(Font)                  U/euf/m/n --> U/euf/b/n on input line 106.
))
(/usr/share/texlive/texmf-dist/tex/latex/stmaryrd/stmaryrd.sty
Package: stmaryrd 1994/03/03 St Mary's Road symbol package
\symstmry=\mathgroup8
LaTeX Font Info:    Overwriting symbol font `stmry' in version `bold'
(Font)                  U/stmry/m/n --> U/stmry/b/n on input line 89.
)
(/usr/share/texmf/tex/latex/polytable/polytable.sty
Package: polytable 2013/07/18 v0.8.5 `polytable' package (Andres Loeh)

(/usr/share/texmf/tex/latex/polytable/lazylist.sty)
\PT@colwidth=\dimen173
\PT@cols=\count294
\PT@table=\count295
\PT@toks=\toks24
\PT@in=\read4
\PT@out=\write4
)
\blanklineskip=\skip53

(/usr/share/texlive/texmf-dist/tex/latex/tools/calc.sty
Package: calc 2017/05/25 v4.3 Infix arithmetic (KKT,FJ)
\calc@Acount=\count296
\calc@Bcount=\count297
\calc@Adimen=\dimen174
\calc@Bdimen=\dimen175
\calc@Askip=\skip54
\calc@Bskip=\skip55
LaTeX Info: Redefining \setlength on input line 80.
LaTeX Info: Redefining \addtolength on input line 81.
\calc@Ccount=\count298
\calc@Cskip=\skip56
)
\@indexfile=\write5
\openout5 = `cp2223t.idx'.


Writing index file cp2223t.idx
LaTeX Font Info:    Trying to load font information for OT1+ptm on input line 2
94.
(/usr/share/texlive/texmf-dist/tex/latex/psnfss/ot1ptm.fd
File: ot1ptm.fd 2001/06/04 font definitions for OT1/ptm.
)
(/usr/share/texlive/texmf-dist/tex/latex/l3backend/l3backend-pdftex.def
File: l3backend-pdftex.def 2022-01-12 L3 backend support: PDF output (pdfTeX)
\l__color_backend_stack_int=\count299
\l__pdf_internal_box=\box55
)
(./cp2223t.aux)
\openout1 = `cp2223t.aux'.

LaTeX Font Info:    Checking defaults for OML/cmm/m/it on input line 294.
LaTeX Font Info:    ... okay on input line 294.
LaTeX Font Info:    Checking defaults for OMS/cmsy/m/n on input line 294.
LaTeX Font Info:    ... okay on input line 294.
LaTeX Font Info:    Checking defaults for OT1/cmr/m/n on input line 294.
LaTeX Font Info:    ... okay on input line 294.
LaTeX Font Info:    Checking defaults for T1/cmr/m/n on input line 294.
LaTeX Font Info:    ... okay on input line 294.
LaTeX Font Info:    Checking defaults for TS1/cmr/m/n on input line 294.
LaTeX Font Info:    ... okay on input line 294.
LaTeX Font Info:    Checking defaults for OMX/cmex/m/n on input line 294.
LaTeX Font Info:    ... okay on input line 294.
LaTeX Font Info:    Checking defaults for U/cmr/m/n on input line 294.
LaTeX Font Info:    ... okay on input line 294.
LaTeX Font Info:    Checking defaults for PD1/pdf/m/n on input line 294.
LaTeX Font Info:    ... okay on input line 294.
LaTeX Font Info:    Checking defaults for PU/pdf/m/n on input line 294.
LaTeX Font Info:    ... okay on input line 294.

*geometry* driver: auto-detecting
*geometry* detected driver: pdftex
*geometry* verbose mode - [ preamble ] result:
* driver: pdftex
* paper: a4paper
* layout: <same size as paper>
* layoutoffset:(h,v)=(0.0pt,0.0pt)
* modes: 
* h-part:(L,W,R)=(85.35826pt, 455.24411pt, 56.9055pt)
* v-part:(T,H,B)=(71.13188pt, 702.78308pt, 71.13188pt)
* \paperwidth=597.50787pt
* \paperheight=845.04684pt
* \textwidth=455.24411pt
* \textheight=702.78308pt
* \oddsidemargin=13.08827pt
* \evensidemargin=13.08827pt
* \topmargin=-38.1381pt
* \headheight=12.0pt
* \headsep=25.0pt
* \topskip=10.0pt
* \footskip=30.0pt
* \marginparwidth=57.0pt
* \marginparsep=11.0pt
* \columnsep=10.0pt
* \skip\footins=9.0pt plus 4.0pt minus 2.0pt
* \hoffset=0.0pt
* \voffset=0.0pt
* \mag=1000
* \@twocolumnfalse
* \@twosidefalse
* \@mparswitchfalse
* \@reversemarginfalse
* (1in=72.27pt=25.4mm, 1cm=28.453pt)

Package hyperref Info: Link coloring ON on input line 294.
(/usr/share/texlive/texmf-dist/tex/latex/hyperref/nameref.sty
Package: nameref 2021-04-02 v2.47 Cross-referencing by name of section

(/usr/share/texlive/texmf-dist/tex/latex/refcount/refcount.sty
Package: refcount 2019/12/15 v3.6 Data extraction from label references (HO)
)
(/usr/share/texlive/texmf-dist/tex/generic/gettitlestring/gettitlestring.sty
Package: gettitlestring 2019/12/15 v1.6 Cleanup title references (HO)
)
\c@section@level=\count300
)
LaTeX Info: Redefining \ref on input line 294.
LaTeX Info: Redefining \pageref on input line 294.
LaTeX Info: Redefining \nameref on input line 294.

(./cp2223t.out) (./cp2223t.out)
\@outlinefile=\write6
\openout6 = `cp2223t.out'.


(/usr/share/texlive/texmf-dist/tex/context/base/mkii/supp-pdf.mkii
[Loading MPS to PDF converter (version 2006.09.02).]
\scratchcounter=\count301
\scratchdimen=\dimen176
\scratchbox=\box56
\nofMPsegments=\count302
\nofMParguments=\count303
\everyMPshowfont=\toks25
\MPscratchCnt=\count304
\MPscratchDim=\dimen177
\MPnumerator=\count305
\makeMPintoPDFobject=\count306
\everyMPtoPDFconversion=\toks26
) (/usr/share/texlive/texmf-dist/tex/latex/epstopdf-pkg/epstopdf-base.sty
Package: epstopdf-base 2020-01-24 v2.11 Base part for package epstopdf
Package epstopdf-base Info: Redefining graphics rule for `.eps' on input line 4
85.

(/usr/share/texlive/texmf-dist/tex/latex/latexconfig/epstopdf-sys.cfg
File: epstopdf-sys.cfg 2010/07/13 v1.3 Configuration of (r)epstopdf for TeX Liv
e
))
\big@size=\dimen178
\c@lstlisting=\count307
Package caption Info: Begin \AtBeginDocument code.
Package caption Info: End \AtBeginDocument code.

[1

{/var/lib/texmf/fonts/map/pdftex/updmap/pdftex.map}]
LaTeX Font Info:    Trying to load font information for OT1+ztmcm on input line
 299.

(/usr/share/texlive/texmf-dist/tex/latex/psnfss/ot1ztmcm.fd
File: ot1ztmcm.fd 2000/01/03 Fontinst v1.801 font definitions for OT1/ztmcm.
)
LaTeX Font Info:    Trying to load font information for OML+ztmcm on input line
 299.

(/usr/share/texlive/texmf-dist/tex/latex/psnfss/omlztmcm.fd
File: omlztmcm.fd 2000/01/03 Fontinst v1.801 font definitions for OML/ztmcm.
)
LaTeX Font Info:    Trying to load font information for OMS+ztmcm on input line
 299.

(/usr/share/texlive/texmf-dist/tex/latex/psnfss/omsztmcm.fd
File: omsztmcm.fd 2000/01/03 Fontinst v1.801 font definitions for OMS/ztmcm.
)
LaTeX Font Info:    Trying to load font information for OMX+ztmcm on input line
 299.

(/usr/share/texlive/texmf-dist/tex/latex/psnfss/omxztmcm.fd
File: omxztmcm.fd 2000/01/03 Fontinst v1.801 font definitions for OMX/ztmcm.
)
LaTeX Font Info:    Font shape `OT1/ptm/bx/n' in size <12> not available
(Font)              Font shape `OT1/ptm/b/n' tried instead on input line 299.
LaTeX Font Info:    Font shape `OT1/ptm/bx/n' in size <9> not available
(Font)              Font shape `OT1/ptm/b/n' tried instead on input line 299.
LaTeX Font Info:    Font shape `OT1/ptm/bx/n' in size <7> not available
(Font)              Font shape `OT1/ptm/b/n' tried instead on input line 299.
LaTeX Font Info:    Trying to load font information for U+stmry on input line 2
99.

(/usr/share/texlive/texmf-dist/tex/latex/stmaryrd/Ustmry.fd)
LaTeX Font Info:    Font shape `OT1/ptm/bx/n' in size <10> not available
(Font)              Font shape `OT1/ptm/b/n' tried instead on input line 340.
LaTeX Font Info:    Font shape `OT1/ptm/bx/n' in size <7.4> not available
(Font)              Font shape `OT1/ptm/b/n' tried instead on input line 340.
LaTeX Font Info:    Font shape `OT1/ptm/bx/n' in size <6> not available
(Font)              Font shape `OT1/ptm/b/n' tried instead on input line 340.
\openout4 = `cp2223t.ptb'.

\openout4 = `cp2223t.ptb'.

\openout4 = `cp2223t.ptb'.

\openout4 = `cp2223t.ptb'.

 [2]
\openout4 = `cp2223t.ptb'.

LaTeX Font Info:    Font shape `OT1/ptm/bx/n' in size <8> not available
(Font)              Font shape `OT1/ptm/b/n' tried instead on input line 419.
LaTeX Font Info:    Font shape `OT1/ptm/bx/n' in size <5> not available
(Font)              Font shape `OT1/ptm/b/n' tried instead on input line 419.
\openout4 = `cp2223t.ptb'.


! Undefined control sequence.
l.440 \xymatrix
               {
? 
! Missing } inserted.
<inserted text> 
                }
l.441 ...math{\Conid{Exp}\;\Conid{S}\;\Conid{S}} &
                                                   & S + S \times (\ensurema...

? 
! Undefined control sequence.
l.441 ...{\Conid{Exp}\;\Conid{S}\;\Conid{S}})^*\ar
                                                  [ll]_{\ensuremath{\mathsf{...

? 

LaTeX Font Warning: Command \tiny invalid in math mode on input line 441.

! Undefined control sequence.
l.442   S^*\ar
              @/_1.5pc/[rr]_{\ensuremath{\Varid{gene}}}\ar[r]^(0.35){\ensure...

? 
! Undefined control sequence.
l.442 ...1.5pc/[rr]_{\ensuremath{\Varid{gene}}}\ar
                                                  [r]^(0.35){\ensuremath{\Va...

? 
! Undefined control sequence.
l.442 ...ar[r]^(0.35){\ensuremath{\Varid{out}}}\ar
                                                  [u]^{\ensuremath{\Varid{ta...

? 
! Undefined control sequence.
l.442 ...emath{\Varid{tax}}} & S + S \times S^*\ar
                                                  [r]^(0.45){\cdots} & S + S...

? 
! Undefined control sequence.
l.442 ...^(0.45){\cdots} & S + S \times (S^*)^*\ar
                                                  [u]_{id + id \times tax^*}
? 
! Incomplete \ifcase; all text was ignored after line 444.
<inserted text> 
                \fi 
l.444 \end{eqnarray*}
                     
? 
! Missing $ inserted.
<inserted text> 
                $
l.444 \end{eqnarray*}
                     
? 
! Extra alignment tab has been changed to \cr.
<template> \egroup \endtemplate 
                                
l.444 \end{eqnarray*}
                     
? 
! Extra \or.
\@@eqncr ...e \@eqcnt \def \reserved@a {& & &}\or 
                                                  \def \reserved@a {& &}\or ...
l.444 \end{eqnarray*}
                     
? 
! Extra \or.
\@@eqncr ... {& & &}\or \def \reserved@a {& &}\or 
                                                  \def \reserved@a {&}\else ...
l.444 \end{eqnarray*}
                     
? 
Runaway definition?
->\egroup 
! Forbidden control sequence found while scanning definition of \reserved@a.
<inserted text> 
                }
l.444 \end{eqnarray*}
                     
? 
! Extra alignment tab has been changed to \cr.
<recently read> \endtemplate 
                             
l.444 \end{eqnarray*}
                     
? 
! Extra \else.
\@@eqncr ...@a {& &}\or \def \reserved@a {&}\else 
                                                  \let \reserved@a \@empty \...
l.444 \end{eqnarray*}
                     
? 
! Missing $$ inserted.
<to be read again> 
                   \begingroup 
l.444 \end{eqnarray*}
                     
? 

! LaTeX Error: Too many columns in eqnarray environment.

See the LaTeX manual or LaTeX Companion for explanation.
Type  H <return>  for immediate help.
 ...                                              
                                                  
l.444 \end{eqnarray*}
                     
? 
! Extra \fi.
\@@eqncr ...mns in eqnarray environment}\@ehc \fi 
                                                  \reserved@a \if@eqnsw \@eq...
l.444 \end{eqnarray*}
                     
? 

Underfull \hbox (badness 10000) in alignment at lines 444--444
 [][][][]
 []


! LaTeX Error: Environment tikzpicture undefined.

See the LaTeX manual or LaTeX Companion for explanation.
Type  H <return>  for immediate help.
 ...                                              
                                                  
l.452 \begin{tikzpicture}
                         
? 
! Undefined control sequence.
l.455 \node
            {CSS} [edge from parent fork down]
? 

! LaTeX Error: \begin{figure} on input line 450 ended by \end{tikzpicture}.

See the LaTeX manual or LaTeX Companion for explanation.
Type  H <return>  for immediate help.
 ...                                              
                                                  
l.471 \end{tikzpicture}
                       
? 
\openout4 = `cp2223t.ptb'.

[3]
<cp2223t_media/tapete1.png, id=87, 486.81876pt x 486.81876pt>
File: cp2223t_media/tapete1.png Graphic file (type png)
<use cp2223t_media/tapete1.png>
Package pdftex.def Info: cp2223t_media/tapete1.png  used on input line 540.
(pdftex.def)             Requested size: 86.49748pt x 86.49449pt.
<cp2223t_media/tapete2.png, id=89, 486.81876pt x 486.81876pt>
File: cp2223t_media/tapete2.png Graphic file (type png)
<use cp2223t_media/tapete2.png>
Package pdftex.def Info: cp2223t_media/tapete2.png  used on input line 541.
(pdftex.def)             Requested size: 86.49748pt x 86.49449pt.
<cp2223t_media/tapete3.png, id=90, 486.81876pt x 486.81876pt>
File: cp2223t_media/tapete3.png Graphic file (type png)
<use cp2223t_media/tapete3.png>
Package pdftex.def Info: cp2223t_media/tapete3.png  used on input line 542.
(pdftex.def)             Requested size: 86.49748pt x 86.49449pt.
<cp2223t_media/tapete4.png, id=91, 486.81876pt x 486.81876pt>
File: cp2223t_media/tapete4.png Graphic file (type png)
<use cp2223t_media/tapete4.png>
Package pdftex.def Info: cp2223t_media/tapete4.png  used on input line 543.
(pdftex.def)             Requested size: 86.49748pt x 86.49449pt.
<cp2223t_media/tapete5.png, id=92, 486.81876pt x 486.81876pt>
File: cp2223t_media/tapete5.png Graphic file (type png)
<use cp2223t_media/tapete5.png>
Package pdftex.def Info: cp2223t_media/tapete5.png  used on input line 544.
(pdftex.def)             Requested size: 86.49748pt x 86.49449pt.
<cp2223t_media/tapete_ex.png, id=94, 819.06pt x 819.06pt>
File: cp2223t_media/tapete_ex.png Graphic file (type png)
<use cp2223t_media/tapete_ex.png>
Package pdftex.def Info: cp2223t_media/tapete_ex.png  used on input line 555.
(pdftex.def)             Requested size: 159.33821pt x 159.33487pt.


LaTeX Warning: `!h' float specifier changed to `!ht'.

\openout4 = `cp2223t.ptb'.

[4 <./cp2223t_media/tapete1.png> <./cp2223t_media/tapete2.png> <./cp2223t_media
/tapete3.png> <./cp2223t_media/tapete4.png> <./cp2223t_media/tapete5.png>]

! LaTeX Error: Environment tikzpicture undefined.

See the LaTeX manual or LaTeX Companion for explanation.
Type  H <return>  for immediate help.
 ...                                              
                                                  
l.574 \begin{tikzpicture}
                         
? 
! Undefined control sequence.
l.578 ]\node
             [draw, circle]{1}
? 

! LaTeX Error: \begin{figure} on input line 572 ended by \end{tikzpicture}.

See the LaTeX manual or LaTeX Companion for explanation.
Type  H <return>  for immediate help.
 ...                                              
                                                  
l.595 \end{tikzpicture}
                       
? 
\openout4 = `cp2223t.ptb'.

\openout4 = `cp2223t.ptb'.

\openout4 = `cp2223t.ptb'.

\openout4 = `cp2223t.ptb'.

[5 <./cp2223t_media/tapete_ex.png>]
Overfull \hbox (1.20201pt too wide) in paragraph at lines 669--670
[]\OT1/ptm/m/n/10 Definir a fun[][]ao que apresenta a constru[][]ao do tapete d
e Sierpinski como []e apresentada em $[]$,
 []

\openout4 = `cp2223t.ptb'.


! LaTeX Error: Environment alert undefined.

See the LaTeX manual or LaTeX Companion for explanation.
Type  H <return>  for immediate help.
 ...                                              
                                                  
l.689 \begin{alert}
                   
? 

! LaTeX Error: \begin{document} ended by \end{alert}.

See the LaTeX manual or LaTeX Companion for explanation.
Type  H <return>  for immediate help.
 ...                                              
                                                  
l.696 \end{alert}
                 
? 
\openout4 = `cp2223t.ptb'.

[6]
LaTeX Font Info:    Trying to load font information for TS1+ptm on input line 7
50.
 (/usr/share/texlive/texmf-dist/tex/latex/psnfss/ts1ptm.fd
File: ts1ptm.fd 2001/06/04 font definitions for TS1/ptm.
)
<cp2223t_media/wcup2022.png, id=142, 2454.16875pt x 1385.175pt>
File: cp2223t_media/wcup2022.png Graphic file (type png)
<use cp2223t_media/wcup2022.png>
Package pdftex.def Info: cp2223t_media/wcup2022.png  used on input line 757.
(pdftex.def)             Requested size: 306.77034pt x 173.14645pt.

Underfull \hbox (badness 1077) in paragraph at lines 768--770
\OT1/ptm/m/n/10 A vis[]ao composicional da equipa permitiu-lhe perceber desde l
ogo que o problema podia ser dividido,
 []

\openout4 = `cp2223t.ptb'.

[7 <./cp2223t_media/wcup2022.png>]
\openout4 = `cp2223t.ptb'.



! LaTeX Error: Environment bquote undefined.

See the LaTeX manual or LaTeX Companion for explanation.
Type  H <return>  for immediate help.
 ...                                              
                                                  
l.793 \begin{bquote}
                    
? 
\openout4 = `cp2223t.ptb'.

\openout4 = `cp2223t.ptb'.

\openout4 = `cp2223t.ptb'.

\openout4 = `cp2223t.ptb'.

\openout4 = `cp2223t.ptb'.

\openout4 = `cp2223t.ptb'.

\openout4 = `cp2223t.ptb'.


! LaTeX Error: \begin{document} ended by \end{bquote}.

See the LaTeX manual or LaTeX Companion for explanation.
Type  H <return>  for immediate help.
 ...                                              
                                                  
l.862 \end{bquote}
                  
? 
\openout4 = `cp2223t.ptb'.

\openout4 = `cp2223t.ptb'.

[8]

! LaTeX Error: Environment bquote undefined.

See the LaTeX manual or LaTeX Companion for explanation.
Type  H <return>  for immediate help.
 ...                                              
                                                  
l.905 \begin{bquote}
                    
? 

! LaTeX Error: \begin{document} ended by \end{bquote}.

See the LaTeX manual or LaTeX Companion for explanation.
Type  H <return>  for immediate help.
 ...                                              
                                                  
l.911 \end{bquote}
                  
? 
\openout4 = `cp2223t.ptb'.

\openout4 = `cp2223t.ptb'.

\openout4 = `cp2223t.ptb'.


! LaTeX Error: Environment alert undefined.

See the LaTeX manual or LaTeX Companion for explanation.
Type  H <return>  for immediate help.
 ...                                              
                                                  
l.969 \begin{alert}
                   
? 

! LaTeX Error: \begin{document} ended by \end{alert}.

See the LaTeX manual or LaTeX Companion for explanation.
Type  H <return>  for immediate help.
 ...                                              
                                                  
l.973 \end{alert}
                 
? 

LaTeX Warning: Citation `Kn92' on page 9 undefined on input line 983.

[9]

LaTeX Warning: Citation `Ol18' on page 10 undefined on input line 1050.

[10]
! Undefined control sequence.
l.1068 \xymatrix
                @C=2cm{
? 
! Undefined control sequence.
l.1070            \ar
                     [d]_-{\ensuremath{\llparenthesis\, \Varid{g}\,\rrparent...

? 
! Missing } inserted.
<inserted text> 
                }
l.1071 &
        
? 
! Undefined control sequence.
l.1073            \ar
                     [d]^{\ensuremath{\Varid{id}\mathbin{+}\llparenthesis\, ...

? 
! Undefined control sequence.
l.1074            \ar
                     [l]_-{\ensuremath{\mathsf{in}}}
? 
! Undefined control sequence.
l.1079            \ar
                     [l]^-{\ensuremath{\Varid{g}}}
? 
! Incomplete \ifcase; all text was ignored after line 1081.
<inserted text> 
                \fi 
l.1081 \end{eqnarray*}
                      
? 
! Missing $ inserted.
<inserted text> 
                $
l.1081 \end{eqnarray*}
                      
? 
! Extra alignment tab has been changed to \cr.
<template> \egroup \endtemplate 
                                
l.1081 \end{eqnarray*}
                      
? 
! Extra \or.
\@@eqncr ...e \@eqcnt \def \reserved@a {& & &}\or 
                                                  \def \reserved@a {& &}\or ...
l.1081 \end{eqnarray*}
                      
? 
! Extra \or.
\@@eqncr ... {& & &}\or \def \reserved@a {& &}\or 
                                                  \def \reserved@a {&}\else ...
l.1081 \end{eqnarray*}
                      
? 
! Extra \else.
\@@eqncr ...@a {& &}\or \def \reserved@a {&}\else 
                                                  \let \reserved@a \@empty \...
l.1081 \end{eqnarray*}
                      
? 
! Missing $$ inserted.
<to be read again> 
                   \begingroup 
l.1081 \end{eqnarray*}
                      
? 

! LaTeX Error: Too many columns in eqnarray environment.

See the LaTeX manual or LaTeX Companion for explanation.
Type  H <return>  for immediate help.
 ...                                              
                                                  
l.1081 \end{eqnarray*}
                      
? 
! Extra \fi.
\@@eqncr ...mns in eqnarray environment}\@ehc \fi 
                                                  \reserved@a \if@eqnsw \@eq...
l.1081 \end{eqnarray*}
                      
? 

Underfull \hbox (badness 10000) in alignment at lines 1081--1081
 [][][][]
 []

LaTeX Font Info:    Font shape `OT1/ptm/bx/n' in size <14.4> not available
(Font)              Font shape `OT1/ptm/b/n' tried instead on input line 1083.
LaTeX Font Info:    Font shape `OT1/ptm/bx/n' in size <10.95> not available
(Font)              Font shape `OT1/ptm/b/n' tried instead on input line 1083.

Package hyperref Warning: Token not allowed in a PDF string (Unicode):
(hyperref)                removing `subscript' on input line 1083.


LaTeX Warning: Citation `Ol18' on page 11 undefined on input line 1087.

\openout4 = `cp2223t.ptb'.

\openout4 = `cp2223t.ptb'.


LaTeX Warning: Citation `Ol18' on page 11 undefined on input line 1138.

\openout4 = `cp2223t.ptb'.

\openout4 = `cp2223t.ptb'.

[11]
\openout4 = `cp2223t.ptb'.

\openout4 = `cp2223t.ptb'.

\openout4 = `cp2223t.ptb'.



LaTeX Warning: Citation `EK06' on page 12 undefined on input line 1233.

\openout4 = `cp2223t.ptb'.

\openout4 = `cp2223t.ptb'.

[12]
\openout4 = `cp2223t.ptb'.

\openout4 = `cp2223t.ptb'.

\openout4 = `cp2223t.ptb'.

\openout4 = `cp2223t.ptb'.

\openout4 = `cp2223t.ptb'.

 [13]
\openout4 = `cp2223t.ptb'.

\openout4 = `cp2223t.ptb'.

\openout4 = `cp2223t.ptb'.

\openout4 = `cp2223t.ptb'.

\openout4 = `cp2223t.ptb'.

\openout4 = `cp2223t.ptb'.

\openout4 = `cp2223t.ptb'.

\openout4 = `cp2223t.ptb'.

\openout4 = `cp2223t.ptb'.

 [14]
\openout4 = `cp2223t.ptb'.

\openout4 = `cp2223t.ptb'.

\openout4 = `cp2223t.ptb'.

\openout4 = `cp2223t.ptb'.


! Missing $ inserted.
<inserted text> 
                $
l.1619 \equiv
              { \ensuremath{\conj{\conj{\Varid{h}}{\Varid{g}}}{\Varid{f}}} =...

? 
! Missing $ inserted.
<inserted text> 
                $
l.1620 
       
? 
! Missing { inserted.
<to be read again> 
                   \begingroup 
l.1624 ...rid{g}}}{\Varid{j}}\end{lcbr}\end{lcbr}}
                                                  
? 
! Missing } inserted.
<inserted text> 
                }
l.1624 ...rid{g}}}{\Varid{j}}\end{lcbr}\end{lcbr}}
                                                  
? 
! Missing { inserted.
<to be read again> 
                   \begingroup 
l.1624 ...rid{g}}}{\Varid{j}}\end{lcbr}\end{lcbr}}
                                                  
? 
! Missing } inserted.
<inserted text> 
                }
l.1624 ...rid{g}}}{\Varid{j}}\end{lcbr}\end{lcbr}}
                                                  
? 
! Missing { inserted.
<to be read again> 
                   \begingroup 
l.1624 ...rid{g}}}{\Varid{j}}\end{lcbr}\end{lcbr}}
                                                  
? 
! Missing } inserted.
<inserted text> 
                }
l.1624 ...rid{g}}}{\Varid{j}}\end{lcbr}\end{lcbr}}
                                                  
? 
! Missing $ inserted.
<inserted text> 
                $
l.1627 \equiv
             { \ensuremath{\conj{\conj{\Varid{h}}{\Varid{g}}}{\Varid{f}}} = ...

? 
! Missing $ inserted.
<inserted text> 
                $
l.1628 
       
? 
! Missing $ inserted.
<inserted text> 
                $
l.1636 \equiv
             { \ensuremath{\conj{\conj{\Varid{h}}{\Varid{g}}}{\Varid{f}}} = ...

? 
[15]
! Missing $ inserted.
<inserted text> 
                $
l.1637 
       
? 
\openout4 = `cp2223t.ptb'.

\openout4 = `cp2223t.ptb'.

\openout4 = `cp2223t.ptb'.

! Missing $ inserted.
<inserted text> 
                $
l.1718 \equiv
             { \ensuremath{\conj{\conj{\Varid{h}}{\Varid{g}}}{\Varid{f}}} = ...

? 
! Missing $ inserted.
<inserted text> 
                $
l.1719 
       
? 
\openout4 = `cp2223t.ptb'.

\openout4 = `cp2223t.ptb'.

[16]

! LaTeX Error: There's no line here to end.

See the LaTeX manual or LaTeX Companion for explanation.
Type  H <return>  for immediate help.
 ...                                              
                                                  
l.1760 \just\equiv{ lei da troca }
                                  
? 
! Misplaced alignment tab character &.
<recently read> &
                 
l.1760 \just\equiv{ lei da troca }
                                  
? 
! Missing $ inserted.
<inserted text> 
                $
l.1760 \just\equiv{ lei da troca }
                                  
? 
! Misplaced alignment tab character &.
\just #1#2->\\ &#1&
                    \rule {2em}{0pt} \{ \mbox {\rule [-.7em]{0pt}{1.8em} \sm...
l.1760 \just\equiv{ lei da troca }
                                  
? 
! Misplaced alignment tab character &.
<recently read> &
                 
l.1760 \just\equiv{ lei da troca }
                                  
? 
! Misplaced alignment tab character &.
\just ...}{1.8em} \small #2 \/} \} \nonumber \\ &&
                                                   
l.1760 \just\equiv{ lei da troca }
                                  
? 
! Missing $ inserted.
<inserted text> 
                $
l.1761 
       
? 

Underfull \hbox (badness 10000) in paragraph at lines 1760--1761

 []


! LaTeX Error: There's no line here to end.

See the LaTeX manual or LaTeX Companion for explanation.
Type  H <return>  for immediate help.
 ...                                              
                                                  
l.1767 \just\equiv{ propriedade ficha 3 }
                                         
? 
! Misplaced alignment tab character &.
<recently read> &
                 
l.1767 \just\equiv{ propriedade ficha 3 }
                                         
? 
! Missing $ inserted.
<inserted text> 
                $
l.1767 \just\equiv{ propriedade ficha 3 }
                                         
? 
! Misplaced alignment tab character &.
\just #1#2->\\ &#1&
                    \rule {2em}{0pt} \{ \mbox {\rule [-.7em]{0pt}{1.8em} \sm...
l.1767 \just\equiv{ propriedade ficha 3 }
                                         
? 
! Misplaced alignment tab character &.
<recently read> &
                 
l.1767 \just\equiv{ propriedade ficha 3 }
                                         
? 
! Misplaced alignment tab character &.
\just ...}{1.8em} \small #2 \/} \} \nonumber \\ &&
                                                   
l.1767 \just\equiv{ propriedade ficha 3 }
                                         
? 
! Missing $ inserted.
<inserted text> 
                $
l.1768 
       
? 

Underfull \hbox (badness 10000) in paragraph at lines 1767--1768

 []


! LaTeX Error: There's no line here to end.

See the LaTeX manual or LaTeX Companion for explanation.
Type  H <return>  for immediate help.
 ...                                              
                                                  
l.1773 \just\equiv{ definição de for b i }
                                            
? 
! Misplaced alignment tab character &.
<recently read> &
                 
l.1773 \just\equiv{ definição de for b i }
                                            
? 
! Missing $ inserted.
<inserted text> 
                $
l.1773 \just\equiv{ definição de for b i }
                                            
? 
! Misplaced alignment tab character &.
\just #1#2->\\ &#1&
                    \rule {2em}{0pt} \{ \mbox {\rule [-.7em]{0pt}{1.8em} \sm...
l.1773 \just\equiv{ definição de for b i }
                                            
? 
! Misplaced alignment tab character &.
<recently read> &
                 
l.1773 \just\equiv{ definição de for b i }
                                            
? 
! Misplaced alignment tab character &.
\just ...}{1.8em} \small #2 \/} \} \nonumber \\ &&
                                                   
l.1773 \just\equiv{ definição de for b i }
                                            
? 
! Missing $ inserted.
<inserted text> 
                $
l.1774 
       
? 

Underfull \hbox (badness 10000) in paragraph at lines 1773--1774

 []

\openout4 = `cp2223t.ptb'.

<cp2223t_media/ex1.png, id=262, 1662.21pt x 345.29pt>
File: cp2223t_media/ex1.png Graphic file (type png)
<use cp2223t_media/ex1.png>
Package pdftex.def Info: cp2223t_media/ex1.png  used on input line 1796.
(pdftex.def)             Requested size: 455.24411pt x 94.56778pt.
\openout4 = `cp2223t.ptb'.

\openout4 = `cp2223t.ptb'.

! Undefined control sequence.
l.1838 \xymatrix
                @C=2cm{
? 
! Undefined control sequence.
l.1840            \ar
                     [d]_-{\ensuremath{\llparenthesis\, \Varid{gr2l}\,\rrpar...

? 
! Undefined control sequence.
l.1841            \ar
                     [r]^-{\ensuremath{\Conid{ParteQuadrado}}}
? 
! Missing } inserted.
<inserted text> 
                }
l.1842 &
        
? 
! Undefined control sequence.
l.1844            \ar
                     [d]^{\ensuremath{\Varid{id}\times\cdot ^2}}
? 
! Missing $ inserted.
<inserted text> 
                $
l.1849 
       
? 
! Missing } inserted.
<inserted text> 
                }
l.1849 
       
? 
! Missing } inserted.
<inserted text> 
                }
l.1849 
       
? 
! Missing \cr inserted.
<inserted text> 
                \cr 
l.1849 
       
? 
! Missing { inserted.
<inserted text> 
                {
l.1849 
       
? 
! Missing $ inserted.
<inserted text> 
                $
l.1849 
       
? 

Overfull \hbox (2603.34468pt too wide) in alignment at lines 1837--1849
 [][][] []
 []

! Missing $$ inserted.
<to be read again> 
                   \tex_par:D 
l.1849 
       
? 
[17 <./cp2223t_media/ex1.png>]

! LaTeX Error: \begin{eqnarray} on input line 1837 ended by \end{code}.

See the LaTeX manual or LaTeX Companion for explanation.
Type  H <return>  for immediate help.
 ...                                              
                                                  
l.1851 \end{code}
                 
? 
\openout4 = `cp2223t.ptb'.

\openout4 = `cp2223t.ptb'.

\openout4 = `cp2223t.ptb'.

(./cp2223t.ind [18] [19


])
No file cp2223t.bbl.
(./cp2223t.aux)

LaTeX Warning: There were undefined references.

Package rerunfilecheck Info: File `cp2223t.out' has not changed.
(rerunfilecheck)             Checksum: 198FBAC9DCE1E7BFD94A43BA0836654E;1628.
 ) 
Here is how much of TeX's memory you used:
 15819 strings out of 480171
 248679 string characters out of 5894489
 574196 words of memory out of 5000000
 33403 multiletter control sequences out of 15000+600000
 543317 words of font info for 188 fonts, out of 8000000 for 9000
 59 hyphenation exceptions out of 8191
 67i,15n,77p,2711b,467s stack positions out of 5000i,500n,10000p,200000b,80000s
pdfTeX warning (dest): name{section.3.17} has been referenced but does not ex
ist, replaced by a fixed one

{/usr/share/texlive/texmf-dist/fonts/enc/dvips/base/8r.enc}</usr/share/texlive/
texmf-dist/fonts/type1/public/amsfonts/cm/cmex10.pfb></usr/share/texlive/texmf-
dist/fonts/type1/public/amsfonts/cm/cmmi10.pfb></usr/share/texlive/texmf-dist/f
onts/type1/public/amsfonts/cm/cmr10.pfb></usr/share/texlive/texmf-dist/fonts/ty
pe1/public/amsfonts/cm/cmss10.pfb></usr/share/texlive/texmf-dist/fonts/type1/pu
blic/amsfonts/cm/cmss8.pfb></usr/share/texlive/texmf-dist/fonts/type1/public/am
sfonts/cm/cmsy10.pfb></usr/share/texlive/texmf-dist/fonts/type1/public/amsfonts
/cm/cmtt10.pfb></usr/share/texlive/texmf-dist/fonts/type1/public/amsfonts/cm/cm
tt9.pfb></usr/share/texlive/texmf-dist/fonts/type1/public/amsfonts/symbols/msam
10.pfb></usr/share/texlive/texmf-dist/fonts/type1/public/amsfonts/symbols/msbm1
0.pfb></usr/share/texlive/texmf-dist/fonts/type1/public/stmaryrd/stmary10.pfb><
/usr/share/texlive/texmf-dist/fonts/type1/public/stmaryrd/stmary7.pfb></usr/sha
re/texlive/texmf-dist/fonts/type1/urw/symbol/usyr.pfb></usr/share/texlive/texmf
-dist/fonts/type1/urw/symbol/usyr.pfb></usr/share/texlive/texmf-dist/fonts/type
1/urw/times/utmb8a.pfb></usr/share/texlive/texmf-dist/fonts/type1/urw/times/utm
r8a.pfb></usr/share/texlive/texmf-dist/fonts/type1/urw/times/utmr8a.pfb></usr/s
hare/texlive/texmf-dist/fonts/type1/urw/times/utmri8a.pfb>
Output written on cp2223t.pdf (19 pages, 661809 bytes).
PDF statistics:
 433 PDF objects out of 1000 (max. 8388607)
 352 compressed objects within 4 object streams
 82 named destinations out of 1000 (max. 500000)
 97 words of extra memory for PDF output out of 10000 (max. 10000000)

